Using pre-set license
Built from '2020.3/staging' branch; Version is '2020.3.11f1 (99c7afb366b3) revision 10078127'; Using compiler version '192528614'; Build Type 'Release'
OS: 'Windows 10 Education; OS build 18363.1916; Version 1909; 64bit' Language: 'en' Physical Memory: 16336 MB
BatchMode: 1, IsHumanControllingUs: 0, StartBugReporterOnCrash: 0, Is64bit: 1, IsPro: 0

 COMMAND LINE ARGUMENTS:
C:\Program Files\Unity\Hub\Editor\2020.3.11f1\Editor\Unity.exe
-adb2
-batchMode
-noUpm
-name
AssetImportWorker0
-projectPath
C:/Users/Optimal State/Documents/GitHub/ApplePicker/ApplePicker
-logFile
Logs/AssetImportWorker0.log
-srvPort
50793
Successfully changed project path to: C:/Users/Optimal State/Documents/GitHub/ApplePicker/ApplePicker
C:/Users/Optimal State/Documents/GitHub/ApplePicker/ApplePicker
Using Asset Import Pipeline V2.
Refreshing native plugins compatible for Editor in 36.78 ms, found 2 plugins.
Preloading 0 native plugins for Editor in 0.00 ms.
Initialize engine version: 2020.3.11f1 (99c7afb366b3)
[Subsystems] Discovering subsystems at path C:/Program Files/Unity/Hub/Editor/2020.3.11f1/Editor/Data/Resources/UnitySubsystems
[Subsystems] Discovering subsystems at path C:/Users/Optimal State/Documents/GitHub/ApplePicker/ApplePicker/Assets
GfxDevice: creating device client; threaded=0
Direct3D:
    Version:  Direct3D 11.0 [level 11.1]
    Renderer: NVIDIA GeForce GTX 1070 (ID=0x1b81)
    Vendor:   
    VRAM:     8088 MB
    Driver:   30.0.14.9649
Initialize mono
Mono path[0] = 'C:/Program Files/Unity/Hub/Editor/2020.3.11f1/Editor/Data/Managed'
Mono path[1] = 'C:/Program Files/Unity/Hub/Editor/2020.3.11f1/Editor/Data/MonoBleedingEdge/lib/mono/unityjit'
Mono config path = 'C:/Program Files/Unity/Hub/Editor/2020.3.11f1/Editor/Data/MonoBleedingEdge/etc'
Using monoOptions --debugger-agent=transport=dt_socket,embedding=1,server=y,suspend=n,address=127.0.0.1:56060
Begin MonoManager ReloadAssembly
Registering precompiled unity dll's ...
Register platform support module: C:/Program Files/Unity/Hub/Editor/2020.3.11f1/Editor/Data/PlaybackEngines/WindowsStandaloneSupport/UnityEditor.WindowsStandalone.Extensions.dll
Registered in 0.002017 seconds.
Native extension for WindowsStandalone target not found
Refreshing native plugins compatible for Editor in 33.46 ms, found 2 plugins.
Preloading 0 native plugins for Editor in 0.00 ms.
Mono: successfully reloaded assembly
- Completed reload, in  2.223 seconds
Platform modules already initialized, skipping
Registering precompiled user dll's ...
Registered in 0.005406 seconds.
Begin MonoManager ReloadAssembly
Native extension for WindowsStandalone target not found
Refreshing native plugins compatible for Editor in 0.38 ms, found 2 plugins.
Preloading 0 native plugins for Editor in 0.00 ms.
Mono: successfully reloaded assembly
- Completed reload, in  1.248 seconds
Platform modules already initialized, skipping
========================================================================
Worker process is ready to serve import requests
Launched and connected shader compiler UnityShaderCompiler.exe after 0.05 seconds
Refreshing native plugins compatible for Editor in 0.35 ms, found 2 plugins.
Preloading 0 native plugins for Editor in 0.00 ms.
Unloading 1391 Unused Serialized files (Serialized files now loaded: 0)
System memory in use before: 64.9 MB.
System memory in use after: 64.9 MB.

Unloading 19 unused Assets to reduce memory usage. Loaded Objects now: 1825.
Total: 2.472300 ms (FindLiveObjects: 0.207100 ms CreateObjectMapping: 0.037800 ms MarkObjects: 2.106800 ms  DeleteObjects: 0.118700 ms)

========================================================================
Received Import Request.
  path: Assets/Models/fruitModels/lowpoly_orange.fbx
  artifactKey: Guid(9ed4997b3d77c584aa9eb1a4567bfdec) Importer(815301076,1909f56bfc062723c751e8b465ee728b)
Start importing Assets/Models/fruitModels/lowpoly_orange.fbx using Guid(9ed4997b3d77c584aa9eb1a4567bfdec) Importer(815301076,1909f56bfc062723c751e8b465ee728b)  -> (artifact id: 'a59a76746de6994adcedbc75c27a8f6a') in 0.176288 seconds
  Import took 0.185290 seconds .

========================================================================
Received Import Request.
  Time since last request: 0.000229 seconds.
  path: Assets/Models/fruitModels/lowpoly_melon.fbx
  artifactKey: Guid(4dd4c7bc0c09bb949a90153fbe864e6c) Importer(815301076,1909f56bfc062723c751e8b465ee728b)
Start importing Assets/Models/fruitModels/lowpoly_melon.fbx using Guid(4dd4c7bc0c09bb949a90153fbe864e6c) Importer(815301076,1909f56bfc062723c751e8b465ee728b)  -> (artifact id: '6e035b50524c5843a7583877eb1b8291') in 0.031198 seconds
  Import took 0.034238 seconds .

========================================================================
Received Import Request.
  Time since last request: 0.000208 seconds.
  path: Assets/Models/fruitModels
  artifactKey: Guid(a67cc97720b7fd84dacaacc28b7c5855) Importer(815301076,1909f56bfc062723c751e8b465ee728b)
Start importing Assets/Models/fruitModels using Guid(a67cc97720b7fd84dacaacc28b7c5855) Importer(815301076,1909f56bfc062723c751e8b465ee728b)  -> (artifact id: '4ffb68bd2de066a274b674bf65d29e8b') in 0.004046 seconds
  Import took 0.007090 seconds .

========================================================================
Received Import Request.
  Time since last request: 0.000241 seconds.
  path: Assets/Models/fruitModels/lowpoly_nana.fbx
  artifactKey: Guid(5d66d75933788a64bbc2c417f681e06c) Importer(815301076,1909f56bfc062723c751e8b465ee728b)
Start importing Assets/Models/fruitModels/lowpoly_nana.fbx using Guid(5d66d75933788a64bbc2c417f681e06c) Importer(815301076,1909f56bfc062723c751e8b465ee728b)  -> (artifact id: '1dd8d8601be089dd64f7ad869cff72df') in 0.032371 seconds
  Import took 0.035393 seconds .

========================================================================
Received Import Request.
  Time since last request: 0.000278 seconds.
  path: Assets/Models/fruitModels/lowpoly_grapes.fbx
  artifactKey: Guid(1ff083c48cf5c7448928ac6e9b7675c7) Importer(815301076,1909f56bfc062723c751e8b465ee728b)
Start importing Assets/Models/fruitModels/lowpoly_grapes.fbx using Guid(1ff083c48cf5c7448928ac6e9b7675c7) Importer(815301076,1909f56bfc062723c751e8b465ee728b)  -> (artifact id: 'b2fad11d3fe29f29d3b44ef4cb0a6132') in 0.045563 seconds
  Import took 0.048288 seconds .

========================================================================
Received Import Request.
  Time since last request: 0.000184 seconds.
  path: Assets/Models/fruitModels/lowpoly_apple.fbx
  artifactKey: Guid(72bd4a3ac1844b946b76070fa235a443) Importer(815301076,1909f56bfc062723c751e8b465ee728b)
Start importing Assets/Models/fruitModels/lowpoly_apple.fbx using Guid(72bd4a3ac1844b946b76070fa235a443) Importer(815301076,1909f56bfc062723c751e8b465ee728b)  -> (artifact id: 'e810901f43f3860be690a739c28b46c2') in 0.068705 seconds
  Import took 0.071996 seconds .

========================================================================
Received Import Request.
  Time since last request: 0.000222 seconds.
  path: Assets/Models/fruitModels/lowpoly_pear.fbx
  artifactKey: Guid(06da7918b75102b44ae64ed0f21ad186) Importer(815301076,1909f56bfc062723c751e8b465ee728b)
Start importing Assets/Models/fruitModels/lowpoly_pear.fbx using Guid(06da7918b75102b44ae64ed0f21ad186) Importer(815301076,1909f56bfc062723c751e8b465ee728b)  -> (artifact id: '4101222f657908850c981b5a57cba297') in 0.025725 seconds
  Import took 0.028659 seconds .

========================================================================
Received Prepare
Registering precompiled user dll's ...
Registered in 0.006519 seconds.
Begin MonoManager ReloadAssembly
Native extension for WindowsStandalone target not found
Refreshing native plugins compatible for Editor in 0.37 ms, found 2 plugins.
Preloading 0 native plugins for Editor in 0.00 ms.
Mono: successfully reloaded assembly
- Completed reload, in  1.148 seconds
Platform modules already initialized, skipping
Refreshing native plugins compatible for Editor in 0.39 ms, found 2 plugins.
Preloading 0 native plugins for Editor in 0.00 ms.
Unloading 1386 Unused Serialized files (Serialized files now loaded: 0)
System memory in use before: 68.3 MB.
System memory in use after: 68.4 MB.

Unloading 14 unused Assets to reduce memory usage. Loaded Objects now: 1871.
Total: 2.457400 ms (FindLiveObjects: 0.241300 ms CreateObjectMapping: 0.051200 ms MarkObjects: 2.093000 ms  DeleteObjects: 0.070800 ms)

========================================================================
Received Import Request.
  Time since last request: 196.305637 seconds.
  path: Assets/Prefabs/Apple Lowpoly.prefab
  artifactKey: Guid(b0adfb4d8c04ddd418531f5af7d03f6e) Importer(815301076,1909f56bfc062723c751e8b465ee728b)
Start importing Assets/Prefabs/Apple Lowpoly.prefab using Guid(b0adfb4d8c04ddd418531f5af7d03f6e) Importer(815301076,1909f56bfc062723c751e8b465ee728b)  -> (artifact id: 'f50e3a913f5a034723eb5d1d19a995db') in 0.085869 seconds
  Import took 0.089242 seconds .

========================================================================
Received Prepare
Registering precompiled user dll's ...
Registered in 0.005762 seconds.
Begin MonoManager ReloadAssembly
Native extension for WindowsStandalone target not found
Refreshing native plugins compatible for Editor in 0.41 ms, found 2 plugins.
Preloading 0 native plugins for Editor in 0.00 ms.
Mono: successfully reloaded assembly
- Completed reload, in  1.153 seconds
Platform modules already initialized, skipping
Refreshing native plugins compatible for Editor in 0.37 ms, found 2 plugins.
Preloading 0 native plugins for Editor in 0.00 ms.
Unloading 1386 Unused Serialized files (Serialized files now loaded: 0)
System memory in use before: 68.3 MB.
System memory in use after: 68.4 MB.

Unloading 14 unused Assets to reduce memory usage. Loaded Objects now: 1875.
Total: 2.203200 ms (FindLiveObjects: 0.180000 ms CreateObjectMapping: 0.040900 ms MarkObjects: 1.915100 ms  DeleteObjects: 0.065400 ms)

========================================================================
Received Import Request.
  Time since last request: 110.037350 seconds.
  path: Assets/Prefabs/Apple Lowpoly.prefab
  artifactKey: Guid(b0adfb4d8c04ddd418531f5af7d03f6e) Importer(815301076,1909f56bfc062723c751e8b465ee728b)
Start importing Assets/Prefabs/Apple Lowpoly.prefab using Guid(b0adfb4d8c04ddd418531f5af7d03f6e) Importer(815301076,1909f56bfc062723c751e8b465ee728b)  -> (artifact id: 'cb1c07ef457bc7abd5cb0edb3d0d68a6') in 0.075673 seconds
  Import took 0.078837 seconds .

========================================================================
Received Prepare
Registering precompiled user dll's ...
Registered in 0.006861 seconds.
Begin MonoManager ReloadAssembly
Native extension for WindowsStandalone target not found
Refreshing native plugins compatible for Editor in 0.58 ms, found 2 plugins.
Preloading 0 native plugins for Editor in 0.00 ms.
Mono: successfully reloaded assembly
- Completed reload, in  1.422 seconds
Platform modules already initialized, skipping
Refreshing native plugins compatible for Editor in 0.49 ms, found 2 plugins.
Preloading 0 native plugins for Editor in 0.00 ms.
Unloading 1386 Unused Serialized files (Serialized files now loaded: 0)
System memory in use before: 68.4 MB.
System memory in use after: 68.4 MB.

Unloading 14 unused Assets to reduce memory usage. Loaded Objects now: 1879.
Total: 3.325500 ms (FindLiveObjects: 0.211100 ms CreateObjectMapping: 0.046900 ms MarkObjects: 2.962700 ms  DeleteObjects: 0.102600 ms)

========================================================================
Received Prepare
Registering precompiled user dll's ...
Registered in 0.006245 seconds.
Begin MonoManager ReloadAssembly
Native extension for WindowsStandalone target not found
Refreshing native plugins compatible for Editor in 0.38 ms, found 2 plugins.
Preloading 0 native plugins for Editor in 0.00 ms.
Mono: successfully reloaded assembly
- Completed reload, in  1.299 seconds
Platform modules already initialized, skipping
Refreshing native plugins compatible for Editor in 0.41 ms, found 2 plugins.
Preloading 0 native plugins for Editor in 0.00 ms.
Unloading 1386 Unused Serialized files (Serialized files now loaded: 0)
System memory in use before: 68.4 MB.
System memory in use after: 68.5 MB.

Unloading 14 unused Assets to reduce memory usage. Loaded Objects now: 1882.
Total: 2.547500 ms (FindLiveObjects: 0.217500 ms CreateObjectMapping: 0.041000 ms MarkObjects: 2.216100 ms  DeleteObjects: 0.071500 ms)

========================================================================
Received Prepare
Registering precompiled user dll's ...
Registered in 0.005691 seconds.
Begin MonoManager ReloadAssembly
Native extension for WindowsStandalone target not found
Refreshing native plugins compatible for Editor in 0.38 ms, found 2 plugins.
Preloading 0 native plugins for Editor in 0.00 ms.
Mono: successfully reloaded assembly
- Completed reload, in  1.150 seconds
Platform modules already initialized, skipping
Refreshing native plugins compatible for Editor in 0.37 ms, found 2 plugins.
Preloading 0 native plugins for Editor in 0.00 ms.
Unloading 1386 Unused Serialized files (Serialized files now loaded: 0)
System memory in use before: 68.4 MB.
System memory in use after: 68.5 MB.

Unloading 14 unused Assets to reduce memory usage. Loaded Objects now: 1885.
Total: 2.501500 ms (FindLiveObjects: 0.200800 ms CreateObjectMapping: 0.036700 ms MarkObjects: 2.125600 ms  DeleteObjects: 0.136600 ms)

========================================================================
Received Prepare
Registering precompiled user dll's ...
Registered in 0.005976 seconds.
Begin MonoManager ReloadAssembly
Native extension for WindowsStandalone target not found
Refreshing native plugins compatible for Editor in 0.37 ms, found 2 plugins.
Preloading 0 native plugins for Editor in 0.00 ms.
Mono: successfully reloaded assembly
- Completed reload, in  1.142 seconds
Platform modules already initialized, skipping
Refreshing native plugins compatible for Editor in 0.37 ms, found 2 plugins.
Preloading 0 native plugins for Editor in 0.00 ms.
Unloading 1386 Unused Serialized files (Serialized files now loaded: 0)
System memory in use before: 68.4 MB.
System memory in use after: 68.5 MB.

Unloading 14 unused Assets to reduce memory usage. Loaded Objects now: 1888.
Total: 2.242000 ms (FindLiveObjects: 0.186100 ms CreateObjectMapping: 0.037200 ms MarkObjects: 1.930900 ms  DeleteObjects: 0.086900 ms)

========================================================================
Received Prepare
Registering precompiled user dll's ...
Registered in 0.005705 seconds.
Begin MonoManager ReloadAssembly
Native extension for WindowsStandalone target not found
Refreshing native plugins compatible for Editor in 0.37 ms, found 2 plugins.
Preloading 0 native plugins for Editor in 0.00 ms.
Mono: successfully reloaded assembly
- Completed reload, in  1.139 seconds
Platform modules already initialized, skipping
Refreshing native plugins compatible for Editor in 0.36 ms, found 2 plugins.
Preloading 0 native plugins for Editor in 0.00 ms.
Unloading 1386 Unused Serialized files (Serialized files now loaded: 0)
System memory in use before: 68.4 MB.
System memory in use after: 68.5 MB.

Unloading 14 unused Assets to reduce memory usage. Loaded Objects now: 1891.
Total: 2.390500 ms (FindLiveObjects: 0.174900 ms CreateObjectMapping: 0.042400 ms MarkObjects: 2.103400 ms  DeleteObjects: 0.068500 ms)

AssetImportWorkerClient::OnTransportError - code=2 error=End of file
